
Nagios Log Server Installation
==============================
DATE: Tue Nov  1 19:22:35 EDT 2016

DISTRO INFO:
CentOS
7.2.1511
x86_64

Running 'setup_local_syslog'...
Redirecting to /bin/systemctl restart  rsyslog.service
setup_local_syslog step completed OK
Running 'prereqs'...
Loaded plugins: fastestmirror, langpacks
Loading mirror speeds from cached hostfile
 * base: mirror.cogentco.com
 * epel: mirror.math.princeton.edu
 * extras: mirrors.unifiedlayer.com
 * nux-dextop: mirror.li.nux.ro
 * updates: cosmos.illinois.edu
Package gcc-4.8.5-4.el7.x86_64 already installed and latest version
Package glibc-2.17-106.el7_2.8.x86_64 already installed and latest version
Package 1:java-1.7.0-openjdk-1.7.0.111-2.6.7.2.el7_2.x86_64 already installed and latest version
Package 1:make-3.82-21.el7.x86_64 already installed and latest version
Package 1:net-snmp-5.7.2-24.el7_2.1.x86_64 already installed and latest version
Package ntp-4.2.6p5-22.el7.centos.2.x86_64 already installed and latest version
Package php-5.4.16-36.3.el7_2.x86_64 already installed and latest version
Package php-cli-5.4.16-36.3.el7_2.x86_64 already installed and latest version
Package pyOpenSSL-0.13.1-3.el7.x86_64 already installed and latest version
Package sysstat-10.1.5-7.el7.x86_64 already installed and latest version
Package unzip-6.0-15.el7.x86_64 already installed and latest version
Package zip-3.0-10.el7.x86_64 already installed and latest version
Package net-tools-2.0-0.17.20131004git.el7.x86_64 already installed and latest version
Resolving Dependencies
--> Running transaction check
---> Package byacc.x86_64 0:1.9.20130304-3.el7 will be installed
---> Package cairo-devel.x86_64 0:1.14.2-1.el7 will be installed
--> Processing Dependency: pkgconfig(xrender) >= 0.6 for package: cairo-devel-1.14.2-1.el7.x86_64
--> Processing Dependency: pkgconfig(pixman-1) >= 0.30.0 for package: cairo-devel-1.14.2-1.el7.x86_64
--> Processing Dependency: pkgconfig(xext) for package: cairo-devel-1.14.2-1.el7.x86_64
--> Processing Dependency: pkgconfig(gl) for package: cairo-devel-1.14.2-1.el7.x86_64
--> Processing Dependency: pkgconfig(egl) for package: cairo-devel-1.14.2-1.el7.x86_64
---> Package glib2-devel.x86_64 0:2.42.2-5.el7 will be installed
---> Package libxml2-devel.x86_64 0:2.9.1-6.el7_2.3 will be installed
--> Processing Dependency: xz-devel for package: libxml2-devel-2.9.1-6.el7_2.3.x86_64
---> Package net-snmp-utils.x86_64 1:5.7.2-24.el7_2.1 will be installed
---> Package openssl.x86_64 1:1.0.1e-42.el7.9 will be updated
---> Package openssl.x86_64 1:1.0.1e-51.el7_2.7 will be an update
--> Processing Dependency: openssl-libs(x86-64) = 1:1.0.1e-51.el7_2.7 for package: 1:openssl-1.0.1e-51.el7_2.7.x86_64
---> Package pango-devel.x86_64 0:1.36.8-2.el7 will be installed
--> Processing Dependency: pkgconfig(xft) for package: pango-devel-1.36.8-2.el7.x86_64
--> Processing Dependency: pkgconfig(harfbuzz) for package: pango-devel-1.36.8-2.el7.x86_64
---> Package patch.x86_64 0:2.7.1-8.el7 will be installed
---> Package perl-ExtUtils-MakeMaker.noarch 0:6.68-3.el7 will be installed
--> Processing Dependency: perl(Test::Harness) for package: perl-ExtUtils-MakeMaker-6.68-3.el7.noarch
--> Processing Dependency: perl(ExtUtils::Packlist) for package: perl-ExtUtils-MakeMaker-6.68-3.el7.noarch
--> Processing Dependency: perl(ExtUtils::Manifest) for package: perl-ExtUtils-MakeMaker-6.68-3.el7.noarch
--> Processing Dependency: perl(ExtUtils::Installed) for package: perl-ExtUtils-MakeMaker-6.68-3.el7.noarch
--> Processing Dependency: perl(ExtUtils::Install) for package: perl-ExtUtils-MakeMaker-6.68-3.el7.noarch
---> Package php-ldap.x86_64 0:5.4.16-36.3.el7_2 will be installed
---> Package sendmail.x86_64 0:8.14.7-4.el7 will be installed
--> Processing Dependency: procmail for package: sendmail-8.14.7-4.el7.x86_64
---> Package sudo.x86_64 0:1.8.6p7-16.el7 will be updated
---> Package sudo.x86_64 0:1.8.6p7-17.el7_2 will be an update
--> Running transaction check
---> Package harfbuzz-devel.x86_64 0:0.9.36-1.el7 will be installed
--> Processing Dependency: pkgconfig(icu-uc) for package: harfbuzz-devel-0.9.36-1.el7.x86_64
---> Package libXext-devel.x86_64 0:1.3.3-3.el7 will be installed
---> Package libXft-devel.x86_64 0:2.3.2-2.el7 will be installed
---> Package libXrender-devel.x86_64 0:0.9.8-2.1.el7 will be installed
---> Package mesa-libEGL-devel.x86_64 0:10.6.5-3.20150824.el7 will be installed
--> Processing Dependency: pkgconfig(xshmfence) >= 1.1 for package: mesa-libEGL-devel-10.6.5-3.20150824.el7.x86_64
--> Processing Dependency: pkgconfig(libdrm) >= 2.4.38 for package: mesa-libEGL-devel-10.6.5-3.20150824.el7.x86_64
--> Processing Dependency: pkgconfig(xxf86vm) for package: mesa-libEGL-devel-10.6.5-3.20150824.el7.x86_64
--> Processing Dependency: pkgconfig(xfixes) for package: mesa-libEGL-devel-10.6.5-3.20150824.el7.x86_64
--> Processing Dependency: pkgconfig(xdamage) for package: mesa-libEGL-devel-10.6.5-3.20150824.el7.x86_64
---> Package mesa-libGL-devel.x86_64 0:10.6.5-3.20150824.el7 will be installed
--> Processing Dependency: gl-manpages for package: mesa-libGL-devel-10.6.5-3.20150824.el7.x86_64
---> Package openssl-libs.x86_64 1:1.0.1e-42.el7.9 will be updated
---> Package openssl-libs.x86_64 1:1.0.1e-51.el7_2.7 will be an update
---> Package perl-ExtUtils-Install.noarch 0:1.58-286.el7 will be installed
--> Processing Dependency: perl-devel for package: perl-ExtUtils-Install-1.58-286.el7.noarch
---> Package perl-ExtUtils-Manifest.noarch 0:1.61-244.el7 will be installed
---> Package perl-Test-Harness.noarch 0:3.28-3.el7 will be installed
---> Package pixman-devel.x86_64 0:0.32.6-3.el7 will be installed
---> Package procmail.x86_64 0:3.22-35.el7 will be installed
---> Package xz-devel.x86_64 0:5.1.2-12alpha.el7 will be installed
--> Running transaction check
---> Package gl-manpages.noarch 0:1.1-7.20130122.el7 will be installed
---> Package libXdamage-devel.x86_64 0:1.1.4-4.1.el7 will be installed
---> Package libXfixes-devel.x86_64 0:5.0.1-2.1.el7 will be installed
---> Package libXxf86vm-devel.x86_64 0:1.1.3-2.1.el7 will be installed
---> Package libdrm-devel.x86_64 0:2.4.60-3.el7 will be installed
---> Package libicu-devel.x86_64 0:50.1.2-15.el7 will be installed
---> Package libxshmfence-devel.x86_64 0:1.2-1.el7 will be installed
---> Package perl-devel.x86_64 4:5.16.3-286.el7 will be installed
--> Processing Dependency: systemtap-sdt-devel for package: 4:perl-devel-5.16.3-286.el7.x86_64
--> Processing Dependency: perl(ExtUtils::ParseXS) for package: 4:perl-devel-5.16.3-286.el7.x86_64
--> Processing Dependency: libdb-devel for package: 4:perl-devel-5.16.3-286.el7.x86_64
--> Processing Dependency: gdbm-devel for package: 4:perl-devel-5.16.3-286.el7.x86_64
--> Running transaction check
---> Package gdbm-devel.x86_64 0:1.10-8.el7 will be installed
---> Package libdb-devel.x86_64 0:5.3.21-19.el7 will be installed
---> Package perl-ExtUtils-ParseXS.noarch 1:3.18-2.el7 will be installed
---> Package systemtap-sdt-devel.x86_64 0:2.8-10.el7 will be installed
--> Finished Dependency Resolution

Dependencies Resolved

================================================================================
 Package                    Arch      Version                  Repository  Size
================================================================================
Installing:
 byacc                      x86_64    1.9.20130304-3.el7       base        65 k
 cairo-devel                x86_64    1.14.2-1.el7             base       349 k
 glib2-devel                x86_64    2.42.2-5.el7             base       448 k
 libxml2-devel              x86_64    2.9.1-6.el7_2.3          updates    1.0 M
 net-snmp-utils             x86_64    1:5.7.2-24.el7_2.1       updates    197 k
 pango-devel                x86_64    1.36.8-2.el7             base       319 k
 patch                      x86_64    2.7.1-8.el7              base       110 k
 perl-ExtUtils-MakeMaker    noarch    6.68-3.el7               base       275 k
 php-ldap                   x86_64    5.4.16-36.3.el7_2        updates     51 k
 sendmail                   x86_64    8.14.7-4.el7             base       722 k
Updating:
 openssl                    x86_64    1:1.0.1e-51.el7_2.7      updates    712 k
 sudo                       x86_64    1.8.6p7-17.el7_2         updates    732 k
Installing for dependencies:
 gdbm-devel                 x86_64    1.10-8.el7               base        47 k
 gl-manpages                noarch    1.1-7.20130122.el7       base       994 k
 harfbuzz-devel             x86_64    0.9.36-1.el7             base       104 k
 libXdamage-devel           x86_64    1.1.4-4.1.el7            base       9.7 k
 libXext-devel              x86_64    1.3.3-3.el7              base        75 k
 libXfixes-devel            x86_64    5.0.1-2.1.el7            base        13 k
 libXft-devel               x86_64    2.3.2-2.el7              base        19 k
 libXrender-devel           x86_64    0.9.8-2.1.el7            base        16 k
 libXxf86vm-devel           x86_64    1.1.3-2.1.el7            base        18 k
 libdb-devel                x86_64    5.3.21-19.el7            base        38 k
 libdrm-devel               x86_64    2.4.60-3.el7             base        92 k
 libicu-devel               x86_64    50.1.2-15.el7            base       702 k
 libxshmfence-devel         x86_64    1.2-1.el7                base       5.4 k
 mesa-libEGL-devel          x86_64    10.6.5-3.20150824.el7    base        27 k
 mesa-libGL-devel           x86_64    10.6.5-3.20150824.el7    base       147 k
 perl-ExtUtils-Install      noarch    1.58-286.el7             base        73 k
 perl-ExtUtils-Manifest     noarch    1.61-244.el7             base        31 k
 perl-ExtUtils-ParseXS      noarch    1:3.18-2.el7             base        77 k
 perl-Test-Harness          noarch    3.28-3.el7               base       302 k
 perl-devel                 x86_64    4:5.16.3-286.el7         base       452 k
 pixman-devel               x86_64    0.32.6-3.el7             base        20 k
 procmail                   x86_64    3.22-35.el7              base       171 k
 systemtap-sdt-devel        x86_64    2.8-10.el7               base        65 k
 xz-devel                   x86_64    5.1.2-12alpha.el7        base        44 k
Updating for dependencies:
 openssl-libs               x86_64    1:1.0.1e-51.el7_2.7      updates    953 k

Transaction Summary
================================================================================
Install  10 Packages (+24 Dependent packages)
Upgrade   2 Packages (+ 1 Dependent package)

Total download size: 9.3 M
Downloading packages:
Delta RPMs reduced 2.3 M of updates to 814 k (66% saved)
--------------------------------------------------------------------------------
Total                                              1.6 MB/s | 7.8 MB  00:04     
Running transaction check
Running transaction test
Transaction test succeeded
Running transaction
  Installing : libXext-devel-1.3.3-3.el7.x86_64                            1/40 
  Updating   : 1:openssl-libs-1.0.1e-51.el7_2.7.x86_64                     2/40 
  Installing : libXfixes-devel-5.0.1-2.1.el7.x86_64                        3/40 
  Installing : libXdamage-devel-1.1.4-4.1.el7.x86_64                       4/40 
  Installing : libXxf86vm-devel-1.1.3-2.1.el7.x86_64                       5/40 
  Installing : libxshmfence-devel-1.2-1.el7.x86_64                         6/40 
  Installing : libXrender-devel-0.9.8-2.1.el7.x86_64                       7/40 
  Installing : glib2-devel-2.42.2-5.el7.x86_64                             8/40 
  Installing : libdrm-devel-2.4.60-3.el7.x86_64                            9/40 
  Installing : mesa-libEGL-devel-10.6.5-3.20150824.el7.x86_64             10/40 
  Installing : libXft-devel-2.3.2-2.el7.x86_64                            11/40 
  Installing : pixman-devel-0.32.6-3.el7.x86_64                           12/40 
  Installing : libicu-devel-50.1.2-15.el7.x86_64                          13/40 
  Installing : harfbuzz-devel-0.9.36-1.el7.x86_64                         14/40 
  Installing : xz-devel-5.1.2-12alpha.el7.x86_64                          15/40 
  Installing : procmail-3.22-35.el7.x86_64                                16/40 
  Installing : libdb-devel-5.3.21-19.el7.x86_64                           17/40 
  Installing : gl-manpages-1.1-7.20130122.el7.noarch                      18/40 
  Installing : mesa-libGL-devel-10.6.5-3.20150824.el7.x86_64              19/40 
  Installing : cairo-devel-1.14.2-1.el7.x86_64                            20/40 
  Installing : perl-Test-Harness-3.28-3.el7.noarch                        21/40 
  Installing : gdbm-devel-1.10-8.el7.x86_64                               22/40 
  Installing : perl-ExtUtils-Manifest-1.61-244.el7.noarch                 23/40 
  Installing : systemtap-sdt-devel-2.8-10.el7.x86_64                      24/40 
  Installing : perl-ExtUtils-MakeMaker-6.68-3.el7.noarch                  25/40 
  Installing : perl-ExtUtils-Install-1.58-286.el7.noarch                  26/40 
  Installing : 1:perl-ExtUtils-ParseXS-3.18-2.el7.noarch                  27/40 
  Installing : 4:perl-devel-5.16.3-286.el7.x86_64                         28/40 
  Installing : pango-devel-1.36.8-2.el7.x86_64                            29/40 
  Installing : sendmail-8.14.7-4.el7.x86_64                               30/40 
  Installing : libxml2-devel-2.9.1-6.el7_2.3.x86_64                       31/40 
  Updating   : 1:openssl-1.0.1e-51.el7_2.7.x86_64                         32/40 
  Installing : 1:net-snmp-utils-5.7.2-24.el7_2.1.x86_64                   33/40 
  Installing : patch-2.7.1-8.el7.x86_64                                   34/40 
  Installing : php-ldap-5.4.16-36.3.el7_2.x86_64                          35/40 
  Installing : byacc-1.9.20130304-3.el7.x86_64                            36/40 
  Updating   : sudo-1.8.6p7-17.el7_2.x86_64                               37/40 
  Cleanup    : 1:openssl-1.0.1e-42.el7.9.x86_64                           38/40 
  Cleanup    : 1:openssl-libs-1.0.1e-42.el7.9.x86_64                      39/40 
  Cleanup    : sudo-1.8.6p7-16.el7.x86_64                                 40/40 
  Verifying  : libXft-devel-2.3.2-2.el7.x86_64                             1/40 
  Verifying  : libdrm-devel-2.4.60-3.el7.x86_64                            2/40 
  Verifying  : libxml2-devel-2.9.1-6.el7_2.3.x86_64                        3/40 
  Verifying  : sudo-1.8.6p7-17.el7_2.x86_64                                4/40 
  Verifying  : systemtap-sdt-devel-2.8-10.el7.x86_64                       5/40 
  Verifying  : perl-ExtUtils-Manifest-1.61-244.el7.noarch                  6/40 
  Verifying  : byacc-1.9.20130304-3.el7.x86_64                             7/40 
  Verifying  : 4:perl-devel-5.16.3-286.el7.x86_64                          8/40 
  Verifying  : libXfixes-devel-5.0.1-2.1.el7.x86_64                        9/40 
  Verifying  : gdbm-devel-1.10-8.el7.x86_64                               10/40 
  Verifying  : perl-ExtUtils-MakeMaker-6.68-3.el7.noarch                  11/40 
  Verifying  : php-ldap-5.4.16-36.3.el7_2.x86_64                          12/40 
  Verifying  : 1:openssl-libs-1.0.1e-51.el7_2.7.x86_64                    13/40 
  Verifying  : glib2-devel-2.42.2-5.el7.x86_64                            14/40 
  Verifying  : perl-Test-Harness-3.28-3.el7.noarch                        15/40 
  Verifying  : sendmail-8.14.7-4.el7.x86_64                               16/40 
  Verifying  : mesa-libGL-devel-10.6.5-3.20150824.el7.x86_64              17/40 
  Verifying  : gl-manpages-1.1-7.20130122.el7.noarch                      18/40 
  Verifying  : libdb-devel-5.3.21-19.el7.x86_64                           19/40 
  Verifying  : mesa-libEGL-devel-10.6.5-3.20150824.el7.x86_64             20/40 
  Verifying  : patch-2.7.1-8.el7.x86_64                                   21/40 
  Verifying  : 1:openssl-1.0.1e-51.el7_2.7.x86_64                         22/40 
  Verifying  : 1:net-snmp-utils-5.7.2-24.el7_2.1.x86_64                   23/40 
  Verifying  : harfbuzz-devel-0.9.36-1.el7.x86_64                         24/40 
  Verifying  : libXrender-devel-0.9.8-2.1.el7.x86_64                      25/40 
  Verifying  : libXxf86vm-devel-1.1.3-2.1.el7.x86_64                      26/40 
  Verifying  : perl-ExtUtils-Install-1.58-286.el7.noarch                  27/40 
  Verifying  : procmail-3.22-35.el7.x86_64                                28/40 
  Verifying  : libXdamage-devel-1.1.4-4.1.el7.x86_64                      29/40 
  Verifying  : xz-devel-5.1.2-12alpha.el7.x86_64                          30/40 
  Verifying  : cairo-devel-1.14.2-1.el7.x86_64                            31/40 
  Verifying  : 1:perl-ExtUtils-ParseXS-3.18-2.el7.noarch                  32/40 
  Verifying  : libicu-devel-50.1.2-15.el7.x86_64                          33/40 
  Verifying  : libXext-devel-1.3.3-3.el7.x86_64                           34/40 
  Verifying  : libxshmfence-devel-1.2-1.el7.x86_64                        35/40 
  Verifying  : pixman-devel-0.32.6-3.el7.x86_64                           36/40 
  Verifying  : pango-devel-1.36.8-2.el7.x86_64                            37/40 
  Verifying  : sudo-1.8.6p7-16.el7.x86_64                                 38/40 
  Verifying  : 1:openssl-libs-1.0.1e-42.el7.9.x86_64                      39/40 
  Verifying  : 1:openssl-1.0.1e-42.el7.9.x86_64                           40/40 

Installed:
  byacc.x86_64 0:1.9.20130304-3.el7                                             
  cairo-devel.x86_64 0:1.14.2-1.el7                                             
  glib2-devel.x86_64 0:2.42.2-5.el7                                             
  libxml2-devel.x86_64 0:2.9.1-6.el7_2.3                                        
  net-snmp-utils.x86_64 1:5.7.2-24.el7_2.1                                      
  pango-devel.x86_64 0:1.36.8-2.el7                                             
  patch.x86_64 0:2.7.1-8.el7                                                    
  perl-ExtUtils-MakeMaker.noarch 0:6.68-3.el7                                   
  php-ldap.x86_64 0:5.4.16-36.3.el7_2                                           
  sendmail.x86_64 0:8.14.7-4.el7                                                

Dependency Installed:
  gdbm-devel.x86_64 0:1.10-8.el7                                                
  gl-manpages.noarch 0:1.1-7.20130122.el7                                       
  harfbuzz-devel.x86_64 0:0.9.36-1.el7                                          
  libXdamage-devel.x86_64 0:1.1.4-4.1.el7                                       
  libXext-devel.x86_64 0:1.3.3-3.el7                                            
  libXfixes-devel.x86_64 0:5.0.1-2.1.el7                                        
  libXft-devel.x86_64 0:2.3.2-2.el7                                             
  libXrender-devel.x86_64 0:0.9.8-2.1.el7                                       
  libXxf86vm-devel.x86_64 0:1.1.3-2.1.el7                                       
  libdb-devel.x86_64 0:5.3.21-19.el7                                            
  libdrm-devel.x86_64 0:2.4.60-3.el7                                            
  libicu-devel.x86_64 0:50.1.2-15.el7                                           
  libxshmfence-devel.x86_64 0:1.2-1.el7                                         
  mesa-libEGL-devel.x86_64 0:10.6.5-3.20150824.el7                              
  mesa-libGL-devel.x86_64 0:10.6.5-3.20150824.el7                               
  perl-ExtUtils-Install.noarch 0:1.58-286.el7                                   
  perl-ExtUtils-Manifest.noarch 0:1.61-244.el7                                  
  perl-ExtUtils-ParseXS.noarch 1:3.18-2.el7                                     
  perl-Test-Harness.noarch 0:3.28-3.el7                                         
  perl-devel.x86_64 4:5.16.3-286.el7                                            
  pixman-devel.x86_64 0:0.32.6-3.el7                                            
  procmail.x86_64 0:3.22-35.el7                                                 
  systemtap-sdt-devel.x86_64 0:2.8-10.el7                                       
  xz-devel.x86_64 0:5.1.2-12alpha.el7                                           

Updated:
  openssl.x86_64 1:1.0.1e-51.el7_2.7       sudo.x86_64 0:1.8.6p7-17.el7_2      

Dependency Updated:
  openssl-libs.x86_64 1:1.0.1e-51.el7_2.7                                       

Complete!
 1 Nov 19:28:17 ntpdate[32479]: step time server 67.217.112.181 offset 303.816632 sec
Downloading/unpacking pip
Installing collected packages: pip
Successfully installed pip
Cleaning up...
Collecting argparse
  Downloading argparse-1.4.0-py2.py3-none-any.whl
Collecting jsonselect
  Downloading jsonselect-0.2.3.tar.gz
Collecting elasticsearch-curator==3.4.0
  Downloading elasticsearch_curator-3.4.0-py2.py3-none-any.whl (43kB)
Collecting elasticsearch<2.1.0,>=1.8.0 (from elasticsearch-curator==3.4.0)
  Downloading elasticsearch-2.0.0-py2.py3-none-any.whl (58kB)
Collecting click>=3.3 (from elasticsearch-curator==3.4.0)
  Downloading click-6.6.tar.gz (283kB)
Collecting urllib3<2.0,>=1.8 (from elasticsearch<2.1.0,>=1.8.0->elasticsearch-curator==3.4.0)
  Downloading urllib3-1.18.1-py2.py3-none-any.whl (103kB)
Installing collected packages: argparse, jsonselect, urllib3, elasticsearch, click, elasticsearch-curator
  Running setup.py install for jsonselect: started
    Running setup.py install for jsonselect: finished with status 'done'
  Running setup.py install for click: started
    Running setup.py install for click: finished with status 'done'
Successfully installed argparse-1.4.0 click-6.6 elasticsearch-2.0.0 elasticsearch-curator-3.4.0 jsonselect-0.2.3 urllib3-1.18.1
prereqs step completed OK
Running 'sourceguardian'...
Installing sourceguardian...
Archive:  sourceguardian/ixed4.lin.x86-64.zip
  inflating: /usr/lib64/php/modules/ixed.5.4.lin  
Sourceguardian extension found for PHP version 5.4
Adding Sourceguardian extension to php.ini
sourceguardian step completed OK
Running 'timezone'...
sed: -e expression #1, char 57: unknown option to `s'
timezone step completed OK
Running 'nagioslogserver'...
Loaded plugins: fastestmirror, langpacks
Loading mirror speeds from cached hostfile
 * base: mirror.cogentco.com
 * epel: mirror.math.princeton.edu
 * extras: mirrors.unifiedlayer.com
 * nux-dextop: mirror.li.nux.ro
 * updates: cosmos.illinois.edu
Package php-common-5.4.16-36.3.el7_2.x86_64 already installed and latest version
Nothing to do
nagioslogserver step completed OK
Running 'backend'...
Installing Elasticsearch...
Elasticsearch installed OK
Installing Logstash...
Applying Nagios patches to Logstash...
Logstash installed OK
Installing Kibana...
Kibana installed OK
Generating unique id...
backend step completed OK
Running 'install_mibs'...
install_mibs step completed OK
Running 'sudoers'...
sudoers step completed OK
Running 'firewall'...
success
success
success
success
success
success
success
success
success
success
firewall step completed OK
Running 'selinux'...
selinux step completed OK
Running 'test_cluster_connection'...
test_cluster_connection step completed OK
Running 'daemons'...
Note: Forwarding request to 'systemctl enable ntpd.service'.
Created symlink from /etc/systemd/system/multi-user.target.wants/ntpd.service to /usr/lib/systemd/system/ntpd.service.
Note: Forwarding request to 'systemctl disable ntpd.service'.
Removed symlink /etc/systemd/system/multi-user.target.wants/ntpd.service.
Note: Forwarding request to 'systemctl enable httpd.service'.
Created symlink from /etc/systemd/system/multi-user.target.wants/httpd.service to /usr/lib/systemd/system/httpd.service.
Note: Forwarding request to 'systemctl disable httpd.service'.
Removed symlink /etc/systemd/system/multi-user.target.wants/httpd.service.
daemons step completed OK
Running 'webroot'...
Created symlink from /etc/systemd/system/multi-user.target.wants/httpd.service to /usr/lib/systemd/system/httpd.service.
webroot step completed OK

Nagios Log Server Installation Success!

You can finish the final setup steps for Nagios Log Server by visiting:
    http:///nagioslogserver/


