This file contains any messages produced by compilers while
running configure, to aid debugging if configure makes a mistake.

It was created by configure, which was
generated by GNU Autoconf 2.67.  Invocation command line was

  $ ./configure --prefix=/usr

## --------- ##
## Platform. ##
## --------- ##

hostname = localhost.localdomain
uname -m = x86_64
uname -r = 3.10.0-327.el7.x86_64
uname -s = Linux
uname -v = #1 SMP Thu Nov 19 22:10:57 UTC 2015

/usr/bin/uname -p = x86_64
/bin/uname -X     = unknown

/bin/arch              = x86_64
/usr/bin/arch -k       = unknown
/usr/convex/getsysinfo = unknown
/usr/bin/hostinfo      = unknown
/bin/machine           = unknown
/usr/bin/oslevel       = unknown
/bin/universe          = unknown

PATH: /usr/local/sbin
PATH: /usr/local/bin
PATH: /sbin
PATH: /bin
PATH: /usr/sbin
PATH: /usr/bin
PATH: /root/bin


## ----------- ##
## Core tests. ##
## ----------- ##

configure:2187: checking for gcc
configure:2203: found /bin/gcc
configure:2214: result: gcc
configure:2443: checking for C compiler version
configure:2452: gcc --version >&5
gcc (GCC) 4.8.5 20150623 (Red Hat 4.8.5-4)
Copyright (C) 2015 Free Software Foundation, Inc.
This is free software; see the source for copying conditions.  There is NO
warranty; not even for MERCHANTABILITY or FITNESS FOR A PARTICULAR PURPOSE.

configure:2463: $? = 0
configure:2452: gcc -v >&5
Using built-in specs.
COLLECT_GCC=gcc
COLLECT_LTO_WRAPPER=/usr/libexec/gcc/x86_64-redhat-linux/4.8.5/lto-wrapper
Target: x86_64-redhat-linux
Configured with: ../configure --prefix=/usr --mandir=/usr/share/man --infodir=/usr/share/info --with-bugurl=http://bugzilla.redhat.com/bugzilla --enable-bootstrap --enable-shared --enable-threads=posix --enable-checking=release --with-system-zlib --enable-__cxa_atexit --disable-libunwind-exceptions --enable-gnu-unique-object --enable-linker-build-id --with-linker-hash-style=gnu --enable-languages=c,c++,objc,obj-c++,java,fortran,ada,go,lto --enable-plugin --enable-initfini-array --disable-libgcj --with-isl=/builddir/build/BUILD/gcc-4.8.5-20150702/obj-x86_64-redhat-linux/isl-install --with-cloog=/builddir/build/BUILD/gcc-4.8.5-20150702/obj-x86_64-redhat-linux/cloog-install --enable-gnu-indirect-function --with-tune=generic --with-arch_32=x86-64 --build=x86_64-redhat-linux
Thread model: posix
gcc version 4.8.5 20150623 (Red Hat 4.8.5-4) (GCC) 
configure:2463: $? = 0
configure:2452: gcc -V >&5
gcc: error: unrecognized command line option '-V'
gcc: fatal error: no input files
compilation terminated.
configure:2463: $? = 4
configure:2452: gcc -qversion >&5
gcc: error: unrecognized command line option '-qversion'
gcc: fatal error: no input files
compilation terminated.
configure:2463: $? = 4
configure:2483: checking whether the C compiler works
configure:2505: gcc    conftest.c  >&5
configure:2509: $? = 0
configure:2557: result: yes
configure:2560: checking for C compiler default output file name
configure:2562: result: a.out
configure:2568: checking for suffix of executables
configure:2575: gcc -o conftest    conftest.c  >&5
configure:2579: $? = 0
configure:2601: result: 
configure:2623: checking whether we are cross compiling
configure:2631: gcc -o conftest    conftest.c  >&5
configure:2635: $? = 0
configure:2642: ./conftest
configure:2646: $? = 0
configure:2661: result: no
configure:2666: checking for suffix of object files
configure:2688: gcc -c   conftest.c >&5
configure:2692: $? = 0
configure:2713: result: o
configure:2717: checking whether we are using the GNU C compiler
configure:2736: gcc -c   conftest.c >&5
configure:2736: $? = 0
configure:2745: result: yes
configure:2754: checking whether gcc accepts -g
configure:2774: gcc -c -g  conftest.c >&5
configure:2774: $? = 0
configure:2815: result: yes
configure:2832: checking for gcc option to accept ISO C89
configure:2896: gcc  -c -g -O2  conftest.c >&5
configure:2896: $? = 0
configure:2909: result: none needed
configure:2936: checking how to run the C preprocessor
configure:2967: gcc -E  conftest.c
configure:2967: $? = 0
configure:2981: gcc -E  conftest.c
conftest.c:9:28: fatal error: ac_nonexistent.h: No such file or directory
 #include <ac_nonexistent.h>
                            ^
compilation terminated.
configure:2981: $? = 1
configure: failed program was:
| /* confdefs.h */
| #define PACKAGE_NAME ""
| #define PACKAGE_TARNAME ""
| #define PACKAGE_VERSION ""
| #define PACKAGE_STRING ""
| #define PACKAGE_BUGREPORT ""
| #define PACKAGE_URL ""
| /* end confdefs.h.  */
| #include <ac_nonexistent.h>
configure:3006: result: gcc -E
configure:3026: gcc -E  conftest.c
configure:3026: $? = 0
configure:3040: gcc -E  conftest.c
conftest.c:9:28: fatal error: ac_nonexistent.h: No such file or directory
 #include <ac_nonexistent.h>
                            ^
compilation terminated.
configure:3040: $? = 1
configure: failed program was:
| /* confdefs.h */
| #define PACKAGE_NAME ""
| #define PACKAGE_TARNAME ""
| #define PACKAGE_VERSION ""
| #define PACKAGE_STRING ""
| #define PACKAGE_BUGREPORT ""
| #define PACKAGE_URL ""
| /* end confdefs.h.  */
| #include <ac_nonexistent.h>
configure:3068: checking whether make sets $(MAKE)
configure:3090: result: yes
configure:3142: checking for a BSD-compatible install
configure:3210: result: /bin/install -c
configure:3223: checking for perl
configure:3242: found /bin/perl
configure:3255: result: /bin/perl
configure:3275: checking for groff
configure:3293: found /bin/groff
configure:3305: result: /bin/groff
configure:3319: checking for grep that handles long lines and -e
configure:3377: result: /bin/grep
configure:3382: checking for egrep
configure:3444: result: /bin/grep -E
configure:3449: checking for ANSI C header files
configure:3469: gcc -c -g -O2  conftest.c >&5
configure:3469: $? = 0
configure:3542: gcc -o conftest -g -O2   conftest.c  >&5
configure:3542: $? = 0
configure:3542: ./conftest
configure:3542: $? = 0
configure:3553: result: yes
configure:3566: checking for sys/types.h
configure:3566: gcc -c -g -O2  conftest.c >&5
configure:3566: $? = 0
configure:3566: result: yes
configure:3566: checking for sys/stat.h
configure:3566: gcc -c -g -O2  conftest.c >&5
configure:3566: $? = 0
configure:3566: result: yes
configure:3566: checking for stdlib.h
configure:3566: gcc -c -g -O2  conftest.c >&5
configure:3566: $? = 0
configure:3566: result: yes
configure:3566: checking for string.h
configure:3566: gcc -c -g -O2  conftest.c >&5
configure:3566: $? = 0
configure:3566: result: yes
configure:3566: checking for memory.h
configure:3566: gcc -c -g -O2  conftest.c >&5
configure:3566: $? = 0
configure:3566: result: yes
configure:3566: checking for strings.h
configure:3566: gcc -c -g -O2  conftest.c >&5
configure:3566: $? = 0
configure:3566: result: yes
configure:3566: checking for inttypes.h
configure:3566: gcc -c -g -O2  conftest.c >&5
configure:3566: $? = 0
configure:3566: result: yes
configure:3566: checking for stdint.h
configure:3566: gcc -c -g -O2  conftest.c >&5
configure:3566: $? = 0
configure:3566: result: yes
configure:3566: checking for unistd.h
configure:3566: gcc -c -g -O2  conftest.c >&5
configure:3566: $? = 0
configure:3566: result: yes
configure:3580: checking for inttypes.h
configure:3580: result: yes
configure:3590: checking for unsigned long long
configure:3590: gcc -c -g -O2  conftest.c >&5
configure:3590: $? = 0
configure:3590: gcc -c -g -O2  conftest.c >&5
conftest.c: In function 'main':
conftest.c:56:33: error: expected expression before ')' token
 if (sizeof ((unsigned long long)))
                                 ^
configure:3590: $? = 1
configure: failed program was:
| /* confdefs.h */
| #define PACKAGE_NAME ""
| #define PACKAGE_TARNAME ""
| #define PACKAGE_VERSION ""
| #define PACKAGE_STRING ""
| #define PACKAGE_BUGREPORT ""
| #define PACKAGE_URL ""
| #define STDC_HEADERS 1
| #define HAVE_SYS_TYPES_H 1
| #define HAVE_SYS_STAT_H 1
| #define HAVE_STDLIB_H 1
| #define HAVE_STRING_H 1
| #define HAVE_MEMORY_H 1
| #define HAVE_STRINGS_H 1
| #define HAVE_INTTYPES_H 1
| #define HAVE_STDINT_H 1
| #define HAVE_UNISTD_H 1
| #define HAVE_INTTYPES_H 1
| /* end confdefs.h.  */
| #include <stdio.h>
| #ifdef HAVE_SYS_TYPES_H
| # include <sys/types.h>
| #endif
| #ifdef HAVE_SYS_STAT_H
| # include <sys/stat.h>
| #endif
| #ifdef STDC_HEADERS
| # include <stdlib.h>
| # include <stddef.h>
| #else
| # ifdef HAVE_STDLIB_H
| #  include <stdlib.h>
| # endif
| #endif
| #ifdef HAVE_STRING_H
| # if !defined STDC_HEADERS && defined HAVE_MEMORY_H
| #  include <memory.h>
| # endif
| # include <string.h>
| #endif
| #ifdef HAVE_STRINGS_H
| # include <strings.h>
| #endif
| #ifdef HAVE_INTTYPES_H
| # include <inttypes.h>
| #endif
| #ifdef HAVE_STDINT_H
| # include <stdint.h>
| #endif
| #ifdef HAVE_UNISTD_H
| # include <unistd.h>
| #endif
| int
| main ()
| {
| if (sizeof ((unsigned long long)))
| 	    return 0;
|   ;
|   return 0;
| }
configure:3590: result: yes
configure:3595: checking for long long
configure:3595: gcc -c -g -O2  conftest.c >&5
configure:3595: $? = 0
configure:3595: gcc -c -g -O2  conftest.c >&5
conftest.c: In function 'main':
conftest.c:56:24: error: expected expression before ')' token
 if (sizeof ((long long)))
                        ^
configure:3595: $? = 1
configure: failed program was:
| /* confdefs.h */
| #define PACKAGE_NAME ""
| #define PACKAGE_TARNAME ""
| #define PACKAGE_VERSION ""
| #define PACKAGE_STRING ""
| #define PACKAGE_BUGREPORT ""
| #define PACKAGE_URL ""
| #define STDC_HEADERS 1
| #define HAVE_SYS_TYPES_H 1
| #define HAVE_SYS_STAT_H 1
| #define HAVE_STDLIB_H 1
| #define HAVE_STRING_H 1
| #define HAVE_MEMORY_H 1
| #define HAVE_STRINGS_H 1
| #define HAVE_INTTYPES_H 1
| #define HAVE_STDINT_H 1
| #define HAVE_UNISTD_H 1
| #define HAVE_INTTYPES_H 1
| /* end confdefs.h.  */
| #include <stdio.h>
| #ifdef HAVE_SYS_TYPES_H
| # include <sys/types.h>
| #endif
| #ifdef HAVE_SYS_STAT_H
| # include <sys/stat.h>
| #endif
| #ifdef STDC_HEADERS
| # include <stdlib.h>
| # include <stddef.h>
| #else
| # ifdef HAVE_STDLIB_H
| #  include <stdlib.h>
| # endif
| #endif
| #ifdef HAVE_STRING_H
| # if !defined STDC_HEADERS && defined HAVE_MEMORY_H
| #  include <memory.h>
| # endif
| # include <string.h>
| #endif
| #ifdef HAVE_STRINGS_H
| # include <strings.h>
| #endif
| #ifdef HAVE_INTTYPES_H
| # include <inttypes.h>
| #endif
| #ifdef HAVE_STDINT_H
| # include <stdint.h>
| #endif
| #ifdef HAVE_UNISTD_H
| # include <unistd.h>
| #endif
| int
| main ()
| {
| if (sizeof ((long long)))
| 	    return 0;
|   ;
|   return 0;
| }
configure:3595: result: yes
configure:3602: checking for strtoll
configure:3602: gcc -o conftest -g -O2   conftest.c  >&5
configure:3602: $? = 0
configure:3602: result: yes
configure:3613: checking for printf long long format specifier
configure:3639: gcc -o conftest -g -O2   conftest.c  >&5
conftest.c: In function 'main':
conftest.c:28:17: warning: incompatible implicit declaration of built-in function 'exit' [enabled by default]
                 exit (b!=a);
                 ^
configure:3639: $? = 0
configure:3639: ./conftest
configure:3639: $? = 0
configure:3651: result: %lld
configure:3666: checking for pow in -lm
configure:3691: gcc -o conftest -g -O2   conftest.c -lm   >&5
conftest.c:30:6: warning: conflicting types for built-in function 'pow' [enabled by default]
 char pow ();
      ^
configure:3691: $? = 0
configure:3700: result: yes
configure:3783: checking for gdImageGif in -lgd
configure:3808: gcc -o conftest -g -O2   conftest.c -lgd -lgd -lm  -lm >&5
configure:3808: $? = 0
configure:3817: result: yes
configure:3829: checking for gdImagePng in -lgd
configure:3854: gcc -o conftest -g -O2   conftest.c -lgd -lgd -lpng -lz -lm  -lm >&5
configure:3854: $? = 0
configure:3863: result: yes
configure:3875: checking for gdImagePng_jpg in -lgd
configure:3900: gcc -o conftest -g -O2   conftest.c -lgd -lgd -lpng -lz -ljpeg -lm  -lm >&5
/tmp/ccHloeKq.o: In function `main':
/tmp/nagiosxi/subcomponents/mrtg/mrtg-2.17.4/conftest.c:34: undefined reference to `gdImagePng_jpg'
collect2: error: ld returned 1 exit status
configure:3900: $? = 1
configure: failed program was:
| /* confdefs.h */
| #define PACKAGE_NAME ""
| #define PACKAGE_TARNAME ""
| #define PACKAGE_VERSION ""
| #define PACKAGE_STRING ""
| #define PACKAGE_BUGREPORT ""
| #define PACKAGE_URL ""
| #define STDC_HEADERS 1
| #define HAVE_SYS_TYPES_H 1
| #define HAVE_SYS_STAT_H 1
| #define HAVE_STDLIB_H 1
| #define HAVE_STRING_H 1
| #define HAVE_MEMORY_H 1
| #define HAVE_STRINGS_H 1
| #define HAVE_INTTYPES_H 1
| #define HAVE_STDINT_H 1
| #define HAVE_UNISTD_H 1
| #define HAVE_INTTYPES_H 1
| #define HAVE_STRTOLL 1
| #define LLD "%lld"
| #define LLD_FORMAT "lld"
| /* end confdefs.h.  */
| 
| /* Override any GCC internal prototype to avoid an error.
|    Use char because int might match the return type of a GCC
|    builtin and then its argument prototype would still apply.  */
| #ifdef __cplusplus
| extern "C"
| #endif
| char gdImagePng_jpg ();
| int
| main ()
| {
| return gdImagePng_jpg ();
|   ;
|   return 0;
| }
configure:3909: result: no
configure:3921: checking for gdImagePng_jpg_ft in -lgd
configure:3946: gcc -o conftest -g -O2   conftest.c -lgd -lgd -lpng -lz -ljpeg -lfreetype -lm  -lm >&5
/tmp/ccLXdSqv.o: In function `main':
/tmp/nagiosxi/subcomponents/mrtg/mrtg-2.17.4/conftest.c:34: undefined reference to `gdImagePng_jpg_ft'
collect2: error: ld returned 1 exit status
configure:3946: $? = 1
configure: failed program was:
| /* confdefs.h */
| #define PACKAGE_NAME ""
| #define PACKAGE_TARNAME ""
| #define PACKAGE_VERSION ""
| #define PACKAGE_STRING ""
| #define PACKAGE_BUGREPORT ""
| #define PACKAGE_URL ""
| #define STDC_HEADERS 1
| #define HAVE_SYS_TYPES_H 1
| #define HAVE_SYS_STAT_H 1
| #define HAVE_STDLIB_H 1
| #define HAVE_STRING_H 1
| #define HAVE_MEMORY_H 1
| #define HAVE_STRINGS_H 1
| #define HAVE_INTTYPES_H 1
| #define HAVE_STDINT_H 1
| #define HAVE_UNISTD_H 1
| #define HAVE_INTTYPES_H 1
| #define HAVE_STRTOLL 1
| #define LLD "%lld"
| #define LLD_FORMAT "lld"
| /* end confdefs.h.  */
| 
| /* Override any GCC internal prototype to avoid an error.
|    Use char because int might match the return type of a GCC
|    builtin and then its argument prototype would still apply.  */
| #ifdef __cplusplus
| extern "C"
| #endif
| char gdImagePng_jpg_ft ();
| int
| main ()
| {
| return gdImagePng_jpg_ft ();
|   ;
|   return 0;
| }
configure:3955: result: no
configure:3977: checking gd.h usability
configure:3977: gcc -c -g -O2  conftest.c >&5
configure:3977: $? = 0
configure:3977: result: yes
configure:3977: checking gd.h presence
configure:3977: gcc -E  conftest.c
configure:3977: $? = 0
configure:3977: result: yes
configure:3977: checking for gd.h
configure:3977: result: yes
configure:4018: checking the weather
configure:4020: result: (cached) it's fine
configure:4026: checking if we can use GCC-specific compiler options
configure:4042: gcc -c -g -O2 -Wall -Wpointer-arith -Wcast-align -Wmissing-declarations -Wnested-externs -Winline -W  conftest.c >&5
configure:4042: $? = 0
configure:4051: result: yes
configure:4171: creating ./config.status

## ---------------------- ##
## Running config.status. ##
## ---------------------- ##

This file was extended by config.status, which was
generated by GNU Autoconf 2.67.  Invocation command line was

  CONFIG_FILES    = 
  CONFIG_HEADERS  = 
  CONFIG_LINKS    = 
  CONFIG_COMMANDS = 
  $ ./config.status 

on localhost.localdomain

config.status:820: creating Makefile
config.status:923: WARNING:  'Makefile.in' seems to ignore the --datarootdir setting
config.status:820: creating config.h
configure:5355: result:  just kidding ;-)

## ---------------- ##
## Cache variables. ##
## ---------------- ##

ac_cv_c_compiler_gnu=yes
ac_cv_env_CC_set=
ac_cv_env_CC_value=
ac_cv_env_CFLAGS_set=
ac_cv_env_CFLAGS_value=
ac_cv_env_CPPFLAGS_set=
ac_cv_env_CPPFLAGS_value=
ac_cv_env_CPP_set=
ac_cv_env_CPP_value=
ac_cv_env_LDFLAGS_set=
ac_cv_env_LDFLAGS_value=
ac_cv_env_LIBS_set=
ac_cv_env_LIBS_value=
ac_cv_env_build_alias_set=
ac_cv_env_build_alias_value=
ac_cv_env_host_alias_set=
ac_cv_env_host_alias_value=
ac_cv_env_target_alias_set=
ac_cv_env_target_alias_value=
ac_cv_func_strtoll=yes
ac_cv_header_gd_h=yes
ac_cv_header_inttypes_h=yes
ac_cv_header_memory_h=yes
ac_cv_header_stdc=yes
ac_cv_header_stdint_h=yes
ac_cv_header_stdlib_h=yes
ac_cv_header_string_h=yes
ac_cv_header_strings_h=yes
ac_cv_header_sys_stat_h=yes
ac_cv_header_sys_types_h=yes
ac_cv_header_unistd_h=yes
ac_cv_lib_gd_gdImageGif=yes
ac_cv_lib_gd_gdImagePng=yes
ac_cv_lib_gd_gdImagePng_jpg=no
ac_cv_lib_gd_gdImagePng_jpg_ft=no
ac_cv_lib_m_pow=yes
ac_cv_objext=o
ac_cv_path_EGREP='/bin/grep -E'
ac_cv_path_GREP=/bin/grep
ac_cv_path_NROFF=/bin/groff
ac_cv_path_PERL=/bin/perl
ac_cv_path_install='/bin/install -c'
ac_cv_prog_CPP='gcc -E'
ac_cv_prog_ac_ct_CC=gcc
ac_cv_prog_cc_c89=
ac_cv_prog_cc_g=yes
ac_cv_prog_make_make_set=yes
ac_cv_type_long_long=yes
ac_cv_type_unsigned_long_long=yes
mr_cv_long_long_format=lld
mr_cv_long_long_format_specifier=%lld
rd_cv_gcc_opt=yes

## ----------------- ##
## Output variables. ##
## ----------------- ##

CC='gcc'
CFLAGS='-g -O2 -Wall -Wpointer-arith -Wcast-align -Wmissing-declarations -Wnested-externs -Winline -W'
CPP='gcc -E'
CPPFLAGS=''
DEFS='-DHAVE_CONFIG_H'
ECHO_C=''
ECHO_N='-n'
ECHO_T=''
EGREP='/bin/grep -E'
EXEEXT=''
GDFORM_EXT='png'
GREP='/bin/grep'
INSTALL_DATA='${INSTALL} -m 644'
INSTALL_PROGRAM='${INSTALL}'
INSTALL_SCRIPT='${INSTALL}'
LDFLAGS=''
LIBOBJS=''
LIBS='-lgd -lpng -lz  -lm'
LTLIBOBJS=''
NROFF='/bin/groff'
OBJEXT='o'
PACKAGE_BUGREPORT=''
PACKAGE_NAME=''
PACKAGE_STRING=''
PACKAGE_TARNAME=''
PACKAGE_URL=''
PACKAGE_VERSION=''
PATH_SEPARATOR=':'
PERL='/bin/perl'
RRD_PERL=''
SET_LD_RUN_PATH=''
SET_MAKE=''
SHELL='/bin/sh'
ac_ct_CC='gcc'
bindir='${exec_prefix}/bin'
build_alias=''
datadir='${datarootdir}'
datarootdir='${prefix}/share'
docdir='${datarootdir}/doc/${PACKAGE}'
dvidir='${docdir}'
exec_prefix='${prefix}'
host_alias=''
htmldir='${docdir}'
includedir='${prefix}/include'
infodir='${datarootdir}/info'
libdir='${exec_prefix}/lib'
libexecdir='${exec_prefix}/libexec'
localedir='${datarootdir}/locale'
localstatedir='${prefix}/var'
mandir='${datarootdir}/man'
oldincludedir='/usr/include'
pdfdir='${docdir}'
prefix='/usr'
program_transform_name='s,x,x,'
psdir='${docdir}'
sbindir='${exec_prefix}/sbin'
sharedstatedir='${prefix}/com'
sysconfdir='${prefix}/etc'
target_alias=''

## ----------- ##
## confdefs.h. ##
## ----------- ##

/* confdefs.h */
#define PACKAGE_NAME ""
#define PACKAGE_TARNAME ""
#define PACKAGE_VERSION ""
#define PACKAGE_STRING ""
#define PACKAGE_BUGREPORT ""
#define PACKAGE_URL ""
#define STDC_HEADERS 1
#define HAVE_SYS_TYPES_H 1
#define HAVE_SYS_STAT_H 1
#define HAVE_STDLIB_H 1
#define HAVE_STRING_H 1
#define HAVE_MEMORY_H 1
#define HAVE_STRINGS_H 1
#define HAVE_INTTYPES_H 1
#define HAVE_STDINT_H 1
#define HAVE_UNISTD_H 1
#define HAVE_INTTYPES_H 1
#define HAVE_STRTOLL 1
#define LLD "%lld"
#define LLD_FORMAT "lld"

configure: exit 0
