This file contains any messages produced by compilers while
running configure, to aid debugging if configure makes a mistake.

It was created by pnp configure 0.4.14, which was
generated by GNU Autoconf 2.61.  Invocation command line was

  $ ./configure 

## --------- ##
## Platform. ##
## --------- ##

hostname = localhost.localdomain
uname -m = x86_64
uname -r = 3.10.0-327.el7.x86_64
uname -s = Linux
uname -v = #1 SMP Thu Nov 19 22:10:57 UTC 2015

/usr/bin/uname -p = x86_64
/bin/uname -X     = unknown

/bin/arch              = x86_64
/usr/bin/arch -k       = unknown
/usr/convex/getsysinfo = unknown
/usr/bin/hostinfo      = unknown
/bin/machine           = unknown
/usr/bin/oslevel       = unknown
/bin/universe          = unknown

PATH: /usr/local/sbin
PATH: /usr/local/bin
PATH: /sbin
PATH: /bin
PATH: /usr/sbin
PATH: /usr/bin
PATH: /root/bin


## ----------- ##
## Core tests. ##
## ----------- ##

configure:1810: checking for a BSD-compatible install
configure:1866: result: /bin/install -c
configure:1886: checking build system type
configure:1904: result: x86_64-unknown-linux-gnu
configure:1926: checking host system type
configure:1941: result: x86_64-unknown-linux-gnu
configure:2012: checking for gcc
configure:2028: found /bin/gcc
configure:2039: result: gcc
configure:2277: checking for C compiler version
configure:2284: gcc --version >&5
gcc (GCC) 4.8.5 20150623 (Red Hat 4.8.5-4)
Copyright (C) 2015 Free Software Foundation, Inc.
This is free software; see the source for copying conditions.  There is NO
warranty; not even for MERCHANTABILITY or FITNESS FOR A PARTICULAR PURPOSE.

configure:2287: $? = 0
configure:2294: gcc -v >&5
Using built-in specs.
COLLECT_GCC=gcc
COLLECT_LTO_WRAPPER=/usr/libexec/gcc/x86_64-redhat-linux/4.8.5/lto-wrapper
Target: x86_64-redhat-linux
Configured with: ../configure --prefix=/usr --mandir=/usr/share/man --infodir=/usr/share/info --with-bugurl=http://bugzilla.redhat.com/bugzilla --enable-bootstrap --enable-shared --enable-threads=posix --enable-checking=release --with-system-zlib --enable-__cxa_atexit --disable-libunwind-exceptions --enable-gnu-unique-object --enable-linker-build-id --with-linker-hash-style=gnu --enable-languages=c,c++,objc,obj-c++,java,fortran,ada,go,lto --enable-plugin --enable-initfini-array --disable-libgcj --with-isl=/builddir/build/BUILD/gcc-4.8.5-20150702/obj-x86_64-redhat-linux/isl-install --with-cloog=/builddir/build/BUILD/gcc-4.8.5-20150702/obj-x86_64-redhat-linux/cloog-install --enable-gnu-indirect-function --with-tune=generic --with-arch_32=x86-64 --build=x86_64-redhat-linux
Thread model: posix
gcc version 4.8.5 20150623 (Red Hat 4.8.5-4) (GCC) 
configure:2297: $? = 0
configure:2304: gcc -V >&5
gcc: error: unrecognized command line option '-V'
gcc: fatal error: no input files
compilation terminated.
configure:2307: $? = 4
configure:2330: checking for C compiler default output file name
configure:2357: gcc    conftest.c  >&5
configure:2360: $? = 0
configure:2398: result: a.out
configure:2415: checking whether the C compiler works
configure:2425: ./a.out
configure:2428: $? = 0
configure:2445: result: yes
configure:2452: checking whether we are cross compiling
configure:2454: result: no
configure:2457: checking for suffix of executables
configure:2464: gcc -o conftest    conftest.c  >&5
configure:2467: $? = 0
configure:2491: result: 
configure:2497: checking for suffix of object files
configure:2523: gcc -c   conftest.c >&5
configure:2526: $? = 0
configure:2549: result: o
configure:2553: checking whether we are using the GNU C compiler
configure:2582: gcc -c   conftest.c >&5
configure:2588: $? = 0
configure:2605: result: yes
configure:2610: checking whether gcc accepts -g
configure:2640: gcc -c -g  conftest.c >&5
configure:2646: $? = 0
configure:2745: result: yes
configure:2762: checking for gcc option to accept ISO C89
configure:2836: gcc  -c -g -O2  conftest.c >&5
configure:2842: $? = 0
configure:2865: result: none needed
configure:2883: checking whether make sets $(MAKE)
configure:2904: result: yes
configure:2915: checking for strip
configure:2933: found /bin/strip
configure:2946: result: /bin/strip
configure:2959: checking for cp
configure:2977: found /bin/cp
configure:2989: result: /bin/cp
configure:3007: checking how to run the C preprocessor
configure:3047: gcc -E  conftest.c
configure:3053: $? = 0
configure:3084: gcc -E  conftest.c
conftest.c:10:28: fatal error: ac_nonexistent.h: No such file or directory
 #include <ac_nonexistent.h>
                            ^
compilation terminated.
configure:3090: $? = 1
configure: failed program was:
| /* confdefs.h.  */
| #define PACKAGE_NAME "pnp"
| #define PACKAGE_TARNAME "pnp"
| #define PACKAGE_VERSION "0.4.14"
| #define PACKAGE_STRING "pnp 0.4.14"
| #define PACKAGE_BUGREPORT "pnp4nagios-devel@lists.sourceforge.net"
| #define DEFAULT_NAGIOS_USER nagios
| #define DEFAULT_NAGIOS_GROUP nagios
| /* end confdefs.h.  */
| #include <ac_nonexistent.h>
configure:3123: result: gcc -E
configure:3152: gcc -E  conftest.c
configure:3158: $? = 0
configure:3189: gcc -E  conftest.c
conftest.c:10:28: fatal error: ac_nonexistent.h: No such file or directory
 #include <ac_nonexistent.h>
                            ^
compilation terminated.
configure:3195: $? = 1
configure: failed program was:
| /* confdefs.h.  */
| #define PACKAGE_NAME "pnp"
| #define PACKAGE_TARNAME "pnp"
| #define PACKAGE_VERSION "0.4.14"
| #define PACKAGE_STRING "pnp 0.4.14"
| #define PACKAGE_BUGREPORT "pnp4nagios-devel@lists.sourceforge.net"
| #define DEFAULT_NAGIOS_USER nagios
| #define DEFAULT_NAGIOS_GROUP nagios
| /* end confdefs.h.  */
| #include <ac_nonexistent.h>
configure:3233: checking for grep that handles long lines and -e
configure:3307: result: /bin/grep
configure:3312: checking for egrep
configure:3390: result: /bin/grep -E
configure:3395: checking for ANSI C header files
configure:3425: gcc -c -g -O2  conftest.c >&5
configure:3431: $? = 0
configure:3530: gcc -o conftest -g -O2   conftest.c  >&5
configure:3533: $? = 0
configure:3539: ./conftest
configure:3542: $? = 0
configure:3559: result: yes
configure:3577: checking for dirent.h that defines DIR
configure:3606: gcc -c -g -O2  conftest.c >&5
configure:3612: $? = 0
configure:3628: result: yes
configure:3641: checking for library containing opendir
configure:3682: gcc -o conftest -g -O2   conftest.c  >&5
configure:3688: $? = 0
configure:3716: result: none required
configure:3810: checking for sys/wait.h that is POSIX.1 compatible
configure:3846: gcc -c -g -O2  conftest.c >&5
configure:3852: $? = 0
configure:3867: result: yes
configure:3892: checking for sys/types.h
configure:3913: gcc -c -g -O2  conftest.c >&5
configure:3919: $? = 0
configure:3935: result: yes
configure:3892: checking for sys/stat.h
configure:3913: gcc -c -g -O2  conftest.c >&5
configure:3919: $? = 0
configure:3935: result: yes
configure:3892: checking for stdlib.h
configure:3913: gcc -c -g -O2  conftest.c >&5
configure:3919: $? = 0
configure:3935: result: yes
configure:3892: checking for string.h
configure:3913: gcc -c -g -O2  conftest.c >&5
configure:3919: $? = 0
configure:3935: result: yes
configure:3892: checking for memory.h
configure:3913: gcc -c -g -O2  conftest.c >&5
configure:3919: $? = 0
configure:3935: result: yes
configure:3892: checking for strings.h
configure:3913: gcc -c -g -O2  conftest.c >&5
configure:3919: $? = 0
configure:3935: result: yes
configure:3892: checking for inttypes.h
configure:3913: gcc -c -g -O2  conftest.c >&5
configure:3919: $? = 0
configure:3935: result: yes
configure:3892: checking for stdint.h
configure:3913: gcc -c -g -O2  conftest.c >&5
configure:3919: $? = 0
configure:3935: result: yes
configure:3892: checking for unistd.h
configure:3913: gcc -c -g -O2  conftest.c >&5
configure:3919: $? = 0
configure:3935: result: yes
configure:3983: checking dirent.h usability
configure:4000: gcc -c -g -O2  conftest.c >&5
configure:4006: $? = 0
configure:4020: result: yes
configure:4024: checking dirent.h presence
configure:4039: gcc -E  conftest.c
configure:4045: $? = 0
configure:4059: result: yes
configure:4092: checking for dirent.h
configure:4100: result: yes
configure:3983: checking stdio.h usability
configure:4000: gcc -c -g -O2  conftest.c >&5
configure:4006: $? = 0
configure:4020: result: yes
configure:4024: checking stdio.h presence
configure:4039: gcc -E  conftest.c
configure:4045: $? = 0
configure:4059: result: yes
configure:4092: checking for stdio.h
configure:4100: result: yes
configure:3983: checking errno.h usability
configure:4000: gcc -c -g -O2  conftest.c >&5
configure:4006: $? = 0
configure:4020: result: yes
configure:4024: checking errno.h presence
configure:4039: gcc -E  conftest.c
configure:4045: $? = 0
configure:4059: result: yes
configure:4092: checking for errno.h
configure:4100: result: yes
configure:3973: checking for unistd.h
configure:3979: result: yes
configure:3983: checking syslog.h usability
configure:4000: gcc -c -g -O2  conftest.c >&5
configure:4006: $? = 0
configure:4020: result: yes
configure:4024: checking syslog.h presence
configure:4039: gcc -E  conftest.c
configure:4045: $? = 0
configure:4059: result: yes
configure:4092: checking for syslog.h
configure:4100: result: yes
configure:3983: checking signal.h usability
configure:4000: gcc -c -g -O2  conftest.c >&5
configure:4006: $? = 0
configure:4020: result: yes
configure:4024: checking signal.h presence
configure:4039: gcc -E  conftest.c
configure:4045: $? = 0
configure:4059: result: yes
configure:4092: checking for signal.h
configure:4100: result: yes
configure:3973: checking for stdlib.h
configure:3979: result: yes
configure:3973: checking for dirent.h
configure:3979: result: yes
configure:3973: checking for string.h
configure:3979: result: yes
configure:3983: checking pthread.h usability
configure:4000: gcc -c -g -O2  conftest.c >&5
configure:4006: $? = 0
configure:4020: result: yes
configure:4024: checking pthread.h presence
configure:4039: gcc -E  conftest.c
configure:4045: $? = 0
configure:4059: result: yes
configure:4092: checking for pthread.h
configure:4100: result: yes
configure:3983: checking getopt.h usability
configure:4000: gcc -c -g -O2  conftest.c >&5
configure:4006: $? = 0
configure:4020: result: yes
configure:4024: checking getopt.h presence
configure:4039: gcc -E  conftest.c
configure:4045: $? = 0
configure:4059: result: yes
configure:4092: checking for getopt.h
configure:4100: result: yes
configure:3983: checking grp.h usability
configure:4000: gcc -c -g -O2  conftest.c >&5
configure:4006: $? = 0
configure:4020: result: yes
configure:4024: checking grp.h presence
configure:4039: gcc -E  conftest.c
configure:4045: $? = 0
configure:4059: result: yes
configure:4092: checking for grp.h
configure:4100: result: yes
configure:3983: checking pwd.h usability
configure:4000: gcc -c -g -O2  conftest.c >&5
configure:4006: $? = 0
configure:4020: result: yes
configure:4024: checking pwd.h presence
configure:4039: gcc -E  conftest.c
configure:4045: $? = 0
configure:4059: result: yes
configure:4092: checking for pwd.h
configure:4100: result: yes
configure:3983: checking sys/mman.h usability
configure:4000: gcc -c -g -O2  conftest.c >&5
configure:4006: $? = 0
configure:4020: result: yes
configure:4024: checking sys/mman.h presence
configure:4039: gcc -E  conftest.c
configure:4045: $? = 0
configure:4059: result: yes
configure:4092: checking for sys/mman.h
configure:4100: result: yes
configure:3973: checking for sys/types.h
configure:3979: result: yes
configure:3973: checking for sys/wait.h
configure:3979: result: yes
configure:3973: checking for sys/stat.h
configure:3979: result: yes
configure:3983: checking sys/socket.h usability
configure:4000: gcc -c -g -O2  conftest.c >&5
configure:4006: $? = 0
configure:4020: result: yes
configure:4024: checking sys/socket.h presence
configure:4039: gcc -E  conftest.c
configure:4045: $? = 0
configure:4059: result: yes
configure:4092: checking for sys/socket.h
configure:4100: result: yes
configure:3983: checking sys/loadavg.h usability
configure:4000: gcc -c -g -O2  conftest.c >&5
conftest.c:73:25: fatal error: sys/loadavg.h: No such file or directory
 #include <sys/loadavg.h>
                         ^
compilation terminated.
configure:4006: $? = 1
configure: failed program was:
| /* confdefs.h.  */
| #define PACKAGE_NAME "pnp"
| #define PACKAGE_TARNAME "pnp"
| #define PACKAGE_VERSION "0.4.14"
| #define PACKAGE_STRING "pnp 0.4.14"
| #define PACKAGE_BUGREPORT "pnp4nagios-devel@lists.sourceforge.net"
| #define DEFAULT_NAGIOS_USER nagios
| #define DEFAULT_NAGIOS_GROUP nagios
| #define STDC_HEADERS 1
| #define HAVE_DIRENT_H 1
| #define HAVE_SYS_WAIT_H 1
| #define HAVE_SYS_TYPES_H 1
| #define HAVE_SYS_STAT_H 1
| #define HAVE_STDLIB_H 1
| #define HAVE_STRING_H 1
| #define HAVE_MEMORY_H 1
| #define HAVE_STRINGS_H 1
| #define HAVE_INTTYPES_H 1
| #define HAVE_STDINT_H 1
| #define HAVE_UNISTD_H 1
| #define HAVE_DIRENT_H 1
| #define HAVE_STDIO_H 1
| #define HAVE_ERRNO_H 1
| #define HAVE_UNISTD_H 1
| #define HAVE_SYSLOG_H 1
| #define HAVE_SIGNAL_H 1
| #define HAVE_STDLIB_H 1
| #define HAVE_DIRENT_H 1
| #define HAVE_STRING_H 1
| #define HAVE_PTHREAD_H 1
| #define HAVE_GETOPT_H 1
| #define HAVE_GRP_H 1
| #define HAVE_PWD_H 1
| #define HAVE_SYS_MMAN_H 1
| #define HAVE_SYS_TYPES_H 1
| #define HAVE_SYS_WAIT_H 1
| #define HAVE_SYS_STAT_H 1
| #define HAVE_SYS_SOCKET_H 1
| /* end confdefs.h.  */
| #include <stdio.h>
| #ifdef HAVE_SYS_TYPES_H
| # include <sys/types.h>
| #endif
| #ifdef HAVE_SYS_STAT_H
| # include <sys/stat.h>
| #endif
| #ifdef STDC_HEADERS
| # include <stdlib.h>
| # include <stddef.h>
| #else
| # ifdef HAVE_STDLIB_H
| #  include <stdlib.h>
| # endif
| #endif
| #ifdef HAVE_STRING_H
| # if !defined STDC_HEADERS && defined HAVE_MEMORY_H
| #  include <memory.h>
| # endif
| # include <string.h>
| #endif
| #ifdef HAVE_STRINGS_H
| # include <strings.h>
| #endif
| #ifdef HAVE_INTTYPES_H
| # include <inttypes.h>
| #endif
| #ifdef HAVE_STDINT_H
| # include <stdint.h>
| #endif
| #ifdef HAVE_UNISTD_H
| # include <unistd.h>
| #endif
| #include <sys/loadavg.h>
configure:4020: result: no
configure:4024: checking sys/loadavg.h presence
configure:4039: gcc -E  conftest.c
conftest.c:40:25: fatal error: sys/loadavg.h: No such file or directory
 #include <sys/loadavg.h>
                         ^
compilation terminated.
configure:4045: $? = 1
configure: failed program was:
| /* confdefs.h.  */
| #define PACKAGE_NAME "pnp"
| #define PACKAGE_TARNAME "pnp"
| #define PACKAGE_VERSION "0.4.14"
| #define PACKAGE_STRING "pnp 0.4.14"
| #define PACKAGE_BUGREPORT "pnp4nagios-devel@lists.sourceforge.net"
| #define DEFAULT_NAGIOS_USER nagios
| #define DEFAULT_NAGIOS_GROUP nagios
| #define STDC_HEADERS 1
| #define HAVE_DIRENT_H 1
| #define HAVE_SYS_WAIT_H 1
| #define HAVE_SYS_TYPES_H 1
| #define HAVE_SYS_STAT_H 1
| #define HAVE_STDLIB_H 1
| #define HAVE_STRING_H 1
| #define HAVE_MEMORY_H 1
| #define HAVE_STRINGS_H 1
| #define HAVE_INTTYPES_H 1
| #define HAVE_STDINT_H 1
| #define HAVE_UNISTD_H 1
| #define HAVE_DIRENT_H 1
| #define HAVE_STDIO_H 1
| #define HAVE_ERRNO_H 1
| #define HAVE_UNISTD_H 1
| #define HAVE_SYSLOG_H 1
| #define HAVE_SIGNAL_H 1
| #define HAVE_STDLIB_H 1
| #define HAVE_DIRENT_H 1
| #define HAVE_STRING_H 1
| #define HAVE_PTHREAD_H 1
| #define HAVE_GETOPT_H 1
| #define HAVE_GRP_H 1
| #define HAVE_PWD_H 1
| #define HAVE_SYS_MMAN_H 1
| #define HAVE_SYS_TYPES_H 1
| #define HAVE_SYS_WAIT_H 1
| #define HAVE_SYS_STAT_H 1
| #define HAVE_SYS_SOCKET_H 1
| /* end confdefs.h.  */
| #include <sys/loadavg.h>
configure:4059: result: no
configure:4092: checking for sys/loadavg.h
configure:4100: result: no
configure:3983: checking netinet/in.h usability
configure:4000: gcc -c -g -O2  conftest.c >&5
configure:4006: $? = 0
configure:4020: result: yes
configure:4024: checking netinet/in.h presence
configure:4039: gcc -E  conftest.c
configure:4045: $? = 0
configure:4059: result: yes
configure:4092: checking for netinet/in.h
configure:4100: result: yes
configure:3983: checking fcntl.h usability
configure:4000: gcc -c -g -O2  conftest.c >&5
configure:4006: $? = 0
configure:4020: result: yes
configure:4024: checking fcntl.h presence
configure:4039: gcc -E  conftest.c
configure:4045: $? = 0
configure:4059: result: yes
configure:4092: checking for fcntl.h
configure:4100: result: yes
configure:3983: checking limits.h usability
configure:4000: gcc -c -g -O2  conftest.c >&5
configure:4006: $? = 0
configure:4020: result: yes
configure:4024: checking limits.h presence
configure:4039: gcc -E  conftest.c
configure:4045: $? = 0
configure:4059: result: yes
configure:4092: checking for limits.h
configure:4100: result: yes
configure:4115: checking for pid_t
configure:4145: gcc -c -g -O2  conftest.c >&5
configure:4151: $? = 0
configure:4166: result: yes
configure:4178: checking return type of signal handlers
configure:4206: gcc -c -g -O2  conftest.c >&5
conftest.c: In function 'main':
conftest.c:49:1: error: void value not ignored as it ought to be
 return *(signal (0, 0)) (0) == 1;
 ^
configure:4212: $? = 1
configure: failed program was:
| /* confdefs.h.  */
| #define PACKAGE_NAME "pnp"
| #define PACKAGE_TARNAME "pnp"
| #define PACKAGE_VERSION "0.4.14"
| #define PACKAGE_STRING "pnp 0.4.14"
| #define PACKAGE_BUGREPORT "pnp4nagios-devel@lists.sourceforge.net"
| #define DEFAULT_NAGIOS_USER nagios
| #define DEFAULT_NAGIOS_GROUP nagios
| #define STDC_HEADERS 1
| #define HAVE_DIRENT_H 1
| #define HAVE_SYS_WAIT_H 1
| #define HAVE_SYS_TYPES_H 1
| #define HAVE_SYS_STAT_H 1
| #define HAVE_STDLIB_H 1
| #define HAVE_STRING_H 1
| #define HAVE_MEMORY_H 1
| #define HAVE_STRINGS_H 1
| #define HAVE_INTTYPES_H 1
| #define HAVE_STDINT_H 1
| #define HAVE_UNISTD_H 1
| #define HAVE_DIRENT_H 1
| #define HAVE_STDIO_H 1
| #define HAVE_ERRNO_H 1
| #define HAVE_UNISTD_H 1
| #define HAVE_SYSLOG_H 1
| #define HAVE_SIGNAL_H 1
| #define HAVE_STDLIB_H 1
| #define HAVE_DIRENT_H 1
| #define HAVE_STRING_H 1
| #define HAVE_PTHREAD_H 1
| #define HAVE_GETOPT_H 1
| #define HAVE_GRP_H 1
| #define HAVE_PWD_H 1
| #define HAVE_SYS_MMAN_H 1
| #define HAVE_SYS_TYPES_H 1
| #define HAVE_SYS_WAIT_H 1
| #define HAVE_SYS_STAT_H 1
| #define HAVE_SYS_SOCKET_H 1
| #define HAVE_NETINET_IN_H 1
| #define HAVE_FCNTL_H 1
| #define HAVE_LIMITS_H 1
| /* end confdefs.h.  */
| #include <sys/types.h>
| #include <signal.h>
| 
| int
| main ()
| {
| return *(signal (0, 0)) (0) == 1;
|   ;
|   return 0;
| }
configure:4227: result: void
configure:4235: checking for uid_t in sys/types.h
configure:4258: result: yes
configure:4281: checking for struct dirent.d_type
configure:4326: gcc -c -g -O2  conftest.c >&5
configure:4332: $? = 0
configure:4406: result: yes
configure:4435: checking vfork.h usability
configure:4452: gcc -c -g -O2  conftest.c >&5
conftest.c:78:19: fatal error: vfork.h: No such file or directory
 #include <vfork.h>
                   ^
compilation terminated.
configure:4458: $? = 1
configure: failed program was:
| /* confdefs.h.  */
| #define PACKAGE_NAME "pnp"
| #define PACKAGE_TARNAME "pnp"
| #define PACKAGE_VERSION "0.4.14"
| #define PACKAGE_STRING "pnp 0.4.14"
| #define PACKAGE_BUGREPORT "pnp4nagios-devel@lists.sourceforge.net"
| #define DEFAULT_NAGIOS_USER nagios
| #define DEFAULT_NAGIOS_GROUP nagios
| #define STDC_HEADERS 1
| #define HAVE_DIRENT_H 1
| #define HAVE_SYS_WAIT_H 1
| #define HAVE_SYS_TYPES_H 1
| #define HAVE_SYS_STAT_H 1
| #define HAVE_STDLIB_H 1
| #define HAVE_STRING_H 1
| #define HAVE_MEMORY_H 1
| #define HAVE_STRINGS_H 1
| #define HAVE_INTTYPES_H 1
| #define HAVE_STDINT_H 1
| #define HAVE_UNISTD_H 1
| #define HAVE_DIRENT_H 1
| #define HAVE_STDIO_H 1
| #define HAVE_ERRNO_H 1
| #define HAVE_UNISTD_H 1
| #define HAVE_SYSLOG_H 1
| #define HAVE_SIGNAL_H 1
| #define HAVE_STDLIB_H 1
| #define HAVE_DIRENT_H 1
| #define HAVE_STRING_H 1
| #define HAVE_PTHREAD_H 1
| #define HAVE_GETOPT_H 1
| #define HAVE_GRP_H 1
| #define HAVE_PWD_H 1
| #define HAVE_SYS_MMAN_H 1
| #define HAVE_SYS_TYPES_H 1
| #define HAVE_SYS_WAIT_H 1
| #define HAVE_SYS_STAT_H 1
| #define HAVE_SYS_SOCKET_H 1
| #define HAVE_NETINET_IN_H 1
| #define HAVE_FCNTL_H 1
| #define HAVE_LIMITS_H 1
| #define RETSIGTYPE void
| #define HAVE_STRUCT_DIRENT_D_TYPE 1
| /* end confdefs.h.  */
| #include <stdio.h>
| #ifdef HAVE_SYS_TYPES_H
| # include <sys/types.h>
| #endif
| #ifdef HAVE_SYS_STAT_H
| # include <sys/stat.h>
| #endif
| #ifdef STDC_HEADERS
| # include <stdlib.h>
| # include <stddef.h>
| #else
| # ifdef HAVE_STDLIB_H
| #  include <stdlib.h>
| # endif
| #endif
| #ifdef HAVE_STRING_H
| # if !defined STDC_HEADERS && defined HAVE_MEMORY_H
| #  include <memory.h>
| # endif
| # include <string.h>
| #endif
| #ifdef HAVE_STRINGS_H
| # include <strings.h>
| #endif
| #ifdef HAVE_INTTYPES_H
| # include <inttypes.h>
| #endif
| #ifdef HAVE_STDINT_H
| # include <stdint.h>
| #endif
| #ifdef HAVE_UNISTD_H
| # include <unistd.h>
| #endif
| #include <vfork.h>
configure:4472: result: no
configure:4476: checking vfork.h presence
configure:4491: gcc -E  conftest.c
conftest.c:45:19: fatal error: vfork.h: No such file or directory
 #include <vfork.h>
                   ^
compilation terminated.
configure:4497: $? = 1
configure: failed program was:
| /* confdefs.h.  */
| #define PACKAGE_NAME "pnp"
| #define PACKAGE_TARNAME "pnp"
| #define PACKAGE_VERSION "0.4.14"
| #define PACKAGE_STRING "pnp 0.4.14"
| #define PACKAGE_BUGREPORT "pnp4nagios-devel@lists.sourceforge.net"
| #define DEFAULT_NAGIOS_USER nagios
| #define DEFAULT_NAGIOS_GROUP nagios
| #define STDC_HEADERS 1
| #define HAVE_DIRENT_H 1
| #define HAVE_SYS_WAIT_H 1
| #define HAVE_SYS_TYPES_H 1
| #define HAVE_SYS_STAT_H 1
| #define HAVE_STDLIB_H 1
| #define HAVE_STRING_H 1
| #define HAVE_MEMORY_H 1
| #define HAVE_STRINGS_H 1
| #define HAVE_INTTYPES_H 1
| #define HAVE_STDINT_H 1
| #define HAVE_UNISTD_H 1
| #define HAVE_DIRENT_H 1
| #define HAVE_STDIO_H 1
| #define HAVE_ERRNO_H 1
| #define HAVE_UNISTD_H 1
| #define HAVE_SYSLOG_H 1
| #define HAVE_SIGNAL_H 1
| #define HAVE_STDLIB_H 1
| #define HAVE_DIRENT_H 1
| #define HAVE_STRING_H 1
| #define HAVE_PTHREAD_H 1
| #define HAVE_GETOPT_H 1
| #define HAVE_GRP_H 1
| #define HAVE_PWD_H 1
| #define HAVE_SYS_MMAN_H 1
| #define HAVE_SYS_TYPES_H 1
| #define HAVE_SYS_WAIT_H 1
| #define HAVE_SYS_STAT_H 1
| #define HAVE_SYS_SOCKET_H 1
| #define HAVE_NETINET_IN_H 1
| #define HAVE_FCNTL_H 1
| #define HAVE_LIMITS_H 1
| #define RETSIGTYPE void
| #define HAVE_STRUCT_DIRENT_D_TYPE 1
| /* end confdefs.h.  */
| #include <vfork.h>
configure:4511: result: no
configure:4544: checking for vfork.h
configure:4552: result: no
configure:4570: checking for fork
configure:4626: gcc -o conftest -g -O2   conftest.c  >&5
conftest.c:68:6: warning: conflicting types for built-in function 'fork' [enabled by default]
 char fork ();
      ^
configure:4632: $? = 0
configure:4650: result: yes
configure:4570: checking for vfork
configure:4626: gcc -o conftest -g -O2   conftest.c  >&5
configure:4632: $? = 0
configure:4650: result: yes
configure:4661: checking for working fork
configure:4693: gcc -o conftest -g -O2   conftest.c  >&5
configure:4696: $? = 0
configure:4702: ./conftest
configure:4705: $? = 0
configure:4721: result: yes
configure:4742: checking for working vfork
configure:4880: result: yes
configure:4920: checking for bzero
configure:4976: gcc -o conftest -g -O2   conftest.c  >&5
conftest.c:72:6: warning: conflicting types for built-in function 'bzero' [enabled by default]
 char bzero ();
      ^
configure:4982: $? = 0
configure:5000: result: yes
configure:4920: checking for socket
configure:4976: gcc -o conftest -g -O2   conftest.c  >&5
configure:4982: $? = 0
configure:5000: result: yes
configure:4920: checking for alarm
configure:4976: gcc -o conftest -g -O2   conftest.c  >&5
configure:4982: $? = 0
configure:5000: result: yes
configure:4920: checking for strerror
configure:4976: gcc -o conftest -g -O2   conftest.c  >&5
configure:4982: $? = 0
configure:5000: result: yes
configure:4920: checking for strspn
configure:4976: gcc -o conftest -g -O2   conftest.c  >&5
conftest.c:76:6: warning: conflicting types for built-in function 'strspn' [enabled by default]
 char strspn ();
      ^
configure:4982: $? = 0
configure:5000: result: yes
configure:4920: checking for getloadavg
configure:4976: gcc -o conftest -g -O2   conftest.c  >&5
configure:4982: $? = 0
configure:5000: result: yes
configure:5016: checking for stdlib.h
configure:5022: result: yes
configure:5156: checking for GNU libc compatible malloc
configure:5190: gcc -o conftest -g -O2   conftest.c  >&5
configure:5193: $? = 0
configure:5199: ./conftest
configure:5202: $? = 0
configure:5218: result: yes
configure:5246: checking whether lstat dereferences a symlink specified with a trailing slash
configure:5282: gcc -o conftest -g -O2   conftest.c  >&5
configure:5285: $? = 0
configure:5291: ./conftest
configure:5294: $? = 0
configure:5317: result: yes
configure:5336: checking whether stat accepts an empty string
configure:5366: gcc -o conftest -g -O2   conftest.c  >&5
configure:5369: $? = 0
configure:5375: ./conftest
configure:5378: $? = 0
configure:5394: result: no
configure:5411: checking for an ANSI C-conforming const
configure:5486: gcc -c -g -O2  conftest.c >&5
configure:5492: $? = 0
configure:5507: result: yes
configure:5551: checking for perl
configure:5569: found /bin/perl
configure:5581: result: /bin/perl
configure:5622: checking for rrdtool
configure:5640: found /bin/rrdtool
configure:5652: result: /bin/rrdtool
configure:5663: checking rrdtool path /bin/rrdtool
configure:5672: result: yes
configure:5674: checking for executable Bit on /bin/rrdtool
configure:5683: result: yes
configure:5771: checking for linker flags for loadable modules
configure:5801: result: -shared
configure:5809: checking for Perl Module Time::HiRes
configure:5819: result: yes
configure:5823: checking for Perl Module Getopt::Long
configure:5833: result: yes
configure:5838: checking for optional Perl Module RRDs
configure:5848: result: yes
configure:5956: creating ./config.status

## ---------------------- ##
## Running config.status. ##
## ---------------------- ##

This file was extended by pnp config.status 0.4.14, which was
generated by GNU Autoconf 2.61.  Invocation command line was

  CONFIG_FILES    = 
  CONFIG_HEADERS  = 
  CONFIG_LINKS    = 
  CONFIG_COMMANDS = 
  $ ./config.status 

on localhost.localdomain

config.status:628: creating subst
config.status:628: creating include/config.h
config.status:896: include/config.h is unchanged

## ---------------- ##
## Cache variables. ##
## ---------------- ##

ac_cv_build=x86_64-unknown-linux-gnu
ac_cv_c_compiler_gnu=yes
ac_cv_c_const=yes
ac_cv_env_CC_set=
ac_cv_env_CC_value=
ac_cv_env_CFLAGS_set=
ac_cv_env_CFLAGS_value=
ac_cv_env_CPPFLAGS_set=
ac_cv_env_CPPFLAGS_value=
ac_cv_env_CPP_set=
ac_cv_env_CPP_value=
ac_cv_env_LDFLAGS_set=
ac_cv_env_LDFLAGS_value=
ac_cv_env_LIBS_set=
ac_cv_env_LIBS_value=
ac_cv_env_build_alias_set=
ac_cv_env_build_alias_value=
ac_cv_env_host_alias_set=
ac_cv_env_host_alias_value=
ac_cv_env_target_alias_set=
ac_cv_env_target_alias_value=
ac_cv_func_alarm=yes
ac_cv_func_bzero=yes
ac_cv_func_fork=yes
ac_cv_func_fork_works=yes
ac_cv_func_getloadavg=yes
ac_cv_func_lstat_dereferences_slashed_symlink=yes
ac_cv_func_malloc_0_nonnull=yes
ac_cv_func_socket=yes
ac_cv_func_stat_empty_string_bug=no
ac_cv_func_strerror=yes
ac_cv_func_strspn=yes
ac_cv_func_vfork=yes
ac_cv_func_vfork_works=yes
ac_cv_header_dirent_dirent_h=yes
ac_cv_header_dirent_h=yes
ac_cv_header_errno_h=yes
ac_cv_header_fcntl_h=yes
ac_cv_header_getopt_h=yes
ac_cv_header_grp_h=yes
ac_cv_header_inttypes_h=yes
ac_cv_header_limits_h=yes
ac_cv_header_memory_h=yes
ac_cv_header_netinet_in_h=yes
ac_cv_header_pthread_h=yes
ac_cv_header_pwd_h=yes
ac_cv_header_signal_h=yes
ac_cv_header_stdc=yes
ac_cv_header_stdint_h=yes
ac_cv_header_stdio_h=yes
ac_cv_header_stdlib_h=yes
ac_cv_header_string_h=yes
ac_cv_header_strings_h=yes
ac_cv_header_sys_loadavg_h=no
ac_cv_header_sys_mman_h=yes
ac_cv_header_sys_socket_h=yes
ac_cv_header_sys_stat_h=yes
ac_cv_header_sys_types_h=yes
ac_cv_header_sys_wait_h=yes
ac_cv_header_syslog_h=yes
ac_cv_header_unistd_h=yes
ac_cv_header_vfork_h=no
ac_cv_host=x86_64-unknown-linux-gnu
ac_cv_member_struct_dirent_d_type=yes
ac_cv_objext=o
ac_cv_path_CP=/bin/cp
ac_cv_path_EGREP='/bin/grep -E'
ac_cv_path_GREP=/bin/grep
ac_cv_path_PERL=/bin/perl
ac_cv_path_RRDTOOL=/bin/rrdtool
ac_cv_path_STRIP=/bin/strip
ac_cv_path_install='/bin/install -c'
ac_cv_prog_CPP='gcc -E'
ac_cv_prog_ac_ct_CC=gcc
ac_cv_prog_cc_c89=
ac_cv_prog_cc_g=yes
ac_cv_prog_make_make_set=yes
ac_cv_search_opendir='none required'
ac_cv_type_pid_t=yes
ac_cv_type_signal=void
ac_cv_type_uid_t=yes

## ----------------- ##
## Output variables. ##
## ----------------- ##

CC='gcc'
CFLAGS='-g -O2'
CP='/bin/cp'
CPP='gcc -E'
CPPFLAGS=''
DEBUG='0'
DEFS='-DHAVE_CONFIG_H'
ECHO_C=''
ECHO_N='-n'
ECHO_T=''
EGREP='/bin/grep -E'
EXEEXT=''
GREP='/bin/grep'
INSTALL='/bin/install -c'
INSTALL_DATA='${INSTALL} -m 644'
INSTALL_OPTS='-o nagios -g nagios'
INSTALL_PROGRAM='${INSTALL}'
INSTALL_SCRIPT='${INSTALL}'
LDFLAGS=''
LIBOBJS=''
LIBS=''
LTLIBOBJS=''
MOD_CFLAGS='-fPIC'
MOD_LDFLAGS='-shared'
OBJEXT='o'
PACKAGE_BUGREPORT='pnp4nagios-devel@lists.sourceforge.net'
PACKAGE_NAME='pnp'
PACKAGE_STRING='pnp 0.4.14'
PACKAGE_TARNAME='pnp'
PACKAGE_VERSION='0.4.14'
PATH_SEPARATOR=':'
PERFDATA_DIR='${prefix}/share/perfdata'
PERFDATA_LOG='${prefix}/var/perfdata.log'
PERFDATA_SPOOL_DIR='${prefix}/var/spool/perfdata/'
PERL='/bin/perl'
PERL_LIB_PATH='no'
PKG_HOME_URL='http://www.pnp4nagios.org/pnp/start'
PKG_NAME='pnp'
PKG_REL_DATE='05-02-2009'
PKG_VERSION='0.4.14'
RRDS='1'
RRDTOOL='/bin/rrdtool'
SET_MAKE=''
SHELL='/bin/sh'
STRIP='/bin/strip'
ac_ct_CC='gcc'
bindir='${exec_prefix}/bin'
build='x86_64-unknown-linux-gnu'
build_alias=''
build_cpu='x86_64'
build_os='linux-gnu'
build_vendor='unknown'
datadir='${datarootdir}'
datarootdir='${prefix}/share'
docdir='${datarootdir}/doc/${PACKAGE_TARNAME}'
dvidir='${docdir}'
exec_prefix='${prefix}'
host='x86_64-unknown-linux-gnu'
host_alias=''
host_cpu='x86_64'
host_os='linux-gnu'
host_vendor='unknown'
htmldir='${docdir}'
includedir='${prefix}/include'
infodir='${datarootdir}/info'
init_dir='/etc/rc.d/init.d'
libdir='${exec_prefix}/lib'
libexecdir='${exec_prefix}/libexec'
localedir='${datarootdir}/locale'
localstatedir='${prefix}/var'
mandir='${datarootdir}/man'
nagios_grp='nagios'
nagios_user='nagios'
npcd_name='npcd'
oldincludedir='/usr/include'
pdfdir='${docdir}'
pnpsender_name='pnpsender'
pp_pl_name='process_perfdata.pl'
prefix='/usr/local/nagios'
program_transform_name='s,x,x,'
psdir='${docdir}'
sbindir='${exec_prefix}/sbin'
sharedstatedir='${prefix}/com'
sysconfdir='${prefix}/etc'
target_alias=''

## ----------- ##
## confdefs.h. ##
## ----------- ##

#define PACKAGE_NAME "pnp"
#define PACKAGE_TARNAME "pnp"
#define PACKAGE_VERSION "0.4.14"
#define PACKAGE_STRING "pnp 0.4.14"
#define PACKAGE_BUGREPORT "pnp4nagios-devel@lists.sourceforge.net"
#define DEFAULT_NAGIOS_USER nagios
#define DEFAULT_NAGIOS_GROUP nagios
#define STDC_HEADERS 1
#define HAVE_DIRENT_H 1
#define HAVE_SYS_WAIT_H 1
#define HAVE_SYS_TYPES_H 1
#define HAVE_SYS_STAT_H 1
#define HAVE_STDLIB_H 1
#define HAVE_STRING_H 1
#define HAVE_MEMORY_H 1
#define HAVE_STRINGS_H 1
#define HAVE_INTTYPES_H 1
#define HAVE_STDINT_H 1
#define HAVE_UNISTD_H 1
#define HAVE_DIRENT_H 1
#define HAVE_STDIO_H 1
#define HAVE_ERRNO_H 1
#define HAVE_UNISTD_H 1
#define HAVE_SYSLOG_H 1
#define HAVE_SIGNAL_H 1
#define HAVE_STDLIB_H 1
#define HAVE_DIRENT_H 1
#define HAVE_STRING_H 1
#define HAVE_PTHREAD_H 1
#define HAVE_GETOPT_H 1
#define HAVE_GRP_H 1
#define HAVE_PWD_H 1
#define HAVE_SYS_MMAN_H 1
#define HAVE_SYS_TYPES_H 1
#define HAVE_SYS_WAIT_H 1
#define HAVE_SYS_STAT_H 1
#define HAVE_SYS_SOCKET_H 1
#define HAVE_NETINET_IN_H 1
#define HAVE_FCNTL_H 1
#define HAVE_LIMITS_H 1
#define RETSIGTYPE void
#define HAVE_STRUCT_DIRENT_D_TYPE 1
#define HAVE_FORK 1
#define HAVE_VFORK 1
#define HAVE_WORKING_VFORK 1
#define HAVE_WORKING_FORK 1
#define HAVE_BZERO 1
#define HAVE_SOCKET 1
#define HAVE_ALARM 1
#define HAVE_STRERROR 1
#define HAVE_STRSPN 1
#define HAVE_GETLOADAVG 1
#define HAVE_STDLIB_H 1
#define HAVE_MALLOC 1
#define LSTAT_FOLLOWS_SLASHED_SYMLINK 1
#define DEFAULT_NAGIOS_USER "nagios"
#define DEFAULT_NAGIOS_GROUP "nagios"

configure: exit 0
